<?xml version="1.0" encoding="UTF-8"?>
<!-- Generated by org.testng.reporters.JUnitXMLReporter -->
<testsuite hostname="LAPTOP-B1VDJO44" ignored="3" name="Default test" tests="1" failures="0" timestamp="01 Nov 2019 22:37:08 GMT" time="19.551" errors="0">
  <testcase name="checktutorialnames" time="5.117" classname="com.qa.Lsac.tests.Homepagetest"/>
  <testcase name="countlibraries" time="0.0" classname="com.qa.Lsac.tests.Homepagetest">
    <ignored/>
  </testcase> <!-- countlibraries -->
  <testcase name="checktestnames" time="0.0" classname="com.qa.Lsac.tests.Homepagetest">
    <ignored/>
  </testcase> <!-- checktestnames -->
  <testcase name="counttestsections" time="0.0" classname="com.qa.Lsac.tests.Homepagetest">
    <ignored/>
  </testcase> <!-- counttestsections -->
</testsuite> <!-- Default test -->
