<?xml version="1.0" encoding="UTF-8"?>
<testng-results skipped="0" failed="0" ignored="3" total="4" passed="1">
  <reporter-output>
  </reporter-output>
  <suite name="Default suite" duration-ms="19551" started-at="2019-11-01T22:36:49Z" finished-at="2019-11-01T22:37:08Z">
    <groups>
    </groups>
    <test name="Default test" duration-ms="19551" started-at="2019-11-01T22:36:49Z" finished-at="2019-11-01T22:37:08Z">
      <class name="com.qa.Lsac.tests.Homepagetest">
        <test-method status="PASS" signature="setupSuite()[pri:0, instance:com.qa.Lsac.tests.Homepagetest@18355a8]" name="setupSuite" is-config="true" duration-ms="9" started-at="2019-11-01T15:36:49Z" finished-at="2019-11-01T15:36:49Z">
          <reporter-output>
          </reporter-output>
        </test-method> <!-- setupSuite -->
        <test-method status="PASS" signature="setup()[pri:0, instance:com.qa.Lsac.tests.Homepagetest@18355a8]" name="setup" is-config="true" duration-ms="11870" started-at="2019-11-01T15:36:49Z" finished-at="2019-11-01T15:37:01Z">
          <reporter-output>
          </reporter-output>
        </test-method> <!-- setup -->
        <test-method status="PASS" signature="checktutorialnames()[pri:4, instance:com.qa.Lsac.tests.Homepagetest@18355a8]" name="checktutorialnames" duration-ms="5117" started-at="2019-11-01T15:37:01Z" finished-at="2019-11-01T15:37:06Z">
          <reporter-output>
          </reporter-output>
        </test-method> <!-- checktutorialnames -->
        <test-method status="PASS" signature="teardown()[pri:0, instance:com.qa.Lsac.tests.Homepagetest@18355a8]" name="teardown" is-config="true" duration-ms="2542" started-at="2019-11-01T15:37:06Z" finished-at="2019-11-01T15:37:08Z">
          <reporter-output>
          </reporter-output>
        </test-method> <!-- teardown -->
      </class> <!-- com.qa.Lsac.tests.Homepagetest -->
    </test> <!-- Default test -->
  </suite> <!-- Default suite -->
</testng-results>
